PLINK v1.90b4.10 64-bit (3 Nov 2017)
Options in effect:
  --bfile ME_Dataset1
  --hardy
  --out ME_Dataset1

Hostname: petra
Working directory: /home/petra/Documents/CMEECourseWork/Week6/Data
Start time: Fri Nov 10 10:55:34 2017

Random number seed: 1510311334
7862 MB RAM detected; reserving 3931 MB for main workspace.
158487 variants loaded from .bim file.
69 people (0 males, 0 females, 69 ambiguous) loaded from .fam.
Ambiguous sex IDs written to ME_Dataset1.nosex .
Using 1 thread (no multithreaded calculations invoked).
Before main variant filters, 69 founders and 0 nonfounders present.
Calculating allele frequencies... done.
Total genotyping rate is 0.998587.
--hardy: Writing Hardy-Weinberg report (founders only) to ME_Dataset1.hwe ...
done.

End time: Fri Nov 10 10:55:34 2017
